[0.000000] (-) TimerEvent: {}
[0.000427] (my_robot_message) JobQueued: {'identifier': 'my_robot_message', 'dependencies': OrderedDict()}
[0.000469] (my_robot_message) JobStarted: {'identifier': 'my_robot_message'}
[0.009481] (my_robot_message) JobProgress: {'identifier': 'my_robot_message', 'progress': 'cmake'}
[0.010060] (my_robot_message) JobProgress: {'identifier': 'my_robot_message', 'progress': 'build'}
[0.010576] (my_robot_message) Command: {'cmd': ['/usr/bin/cmake', '--build', '/home/magnum/ros2_msg/build/my_robot_message', '--', '-j8', '-l8'], 'cwd': '/home/magnum/ros2_msg/build/my_robot_message', 'env': OrderedDict([('GJS_DEBUG_TOPICS', 'JS ERROR;JS LOG'), ('LESSOPEN', '| /usr/bin/lesspipe %s'), ('LANGUAGE', 'en_NG:en'), ('USER', 'magnum'), ('SSH_AGENT_PID', '2534'), ('XDG_SESSION_TYPE', 'x11'), ('SHLVL', '1'), ('LD_LIBRARY_PATH', '/home/magnum/ros2_msg/install/my_robot_message/lib:/usr/lib/x86_64-linux-gnu/gazebo-11/plugins:/opt/ros/foxy/opt/yaml_cpp_vendor/lib:/opt/ros/foxy/opt/rviz_ogre_vendor/lib:/opt/ros/foxy/lib/x86_64-linux-gnu:/opt/ros/foxy/lib'), ('HOME', '/home/magnum'), ('OLDPWD', '/home/magnum/ros2_msg/src'), ('DESKTOP_SESSION', 'ubuntu'), ('QT_STYLE_OVERRIDE', 'kvantum'), ('ROS_PYTHON_VERSION', '3'), ('GNOME_SHELL_SESSION_MODE', 'ubuntu'), ('GTK_MODULES', 'gail:atk-bridge'), ('ROS_IP', '192.168.1.84'), ('MANAGERPID', '2346'), ('DBUS_SESSION_BUS_ADDRESS', 'unix:path=/run/user/1000/bus'), ('COLORTERM', 'truecolor'), ('MANDATORY_PATH', '/usr/share/gconf/ubuntu.mandatory.path'), ('QT_QPA_PLATFORMTHEME', 'qt5ct'), ('IM_CONFIG_PHASE', '1'), ('COLCON_PREFIX_PATH', '/home/magnum/ros2_msg/install'), ('ROS_DISTRO', 'foxy'), ('LOGNAME', 'magnum'), ('JOURNAL_STREAM', '8:58830'), ('_', '/usr/bin/colcon'), ('ROS_VERSION', '2'), ('XDG_SESSION_CLASS', 'user'), ('DEFAULTS_PATH', '/usr/share/gconf/ubuntu.default.path'), ('USERNAME', 'magnum'), ('TERM', 'xterm-256color'), ('GNOME_DESKTOP_SESSION_ID', 'this-is-deprecated'), ('ROS_LOCALHOST_ONLY', '0'), ('WINDOWPATH', '2'), ('PATH', '/opt/ros/foxy/bin:/home/magnum/.local/bin:/usr/local/sbin:/usr/local/bin:/usr/sbin:/usr/bin:/sbin:/bin:/usr/games:/usr/local/games:/snap/bin'), ('SESSION_MANAGER', 'local/robostek:@/tmp/.ICE-unix/2572,unix/robostek:/tmp/.ICE-unix/2572'), ('INVOCATION_ID', '1f32834dccfb4a88ab8bd2b72a053f8d'), ('XDG_MENU_PREFIX', 'gnome-'), ('GNOME_TERMINAL_SCREEN', '/org/gnome/Terminal/screen/5ff014c8_9bfd_490e_9106_e9ead06e6873'), ('XDG_RUNTIME_DIR', '/run/user/1000'), ('DISPLAY', ':0'), ('LANG', 'en_US.UTF-8'), ('XDG_CURRENT_DESKTOP', 'ubuntu:GNOME'), ('XMODIFIERS', '@im=ibus'), ('XDG_SESSION_DESKTOP', 'ubuntu'), ('XAUTHORITY', '/run/user/1000/gdm/Xauthority'), ('LS_COLORS', 'rs=0:di=01;34:ln=01;36:mh=00:pi=40;33:so=01;35:do=01;35:bd=40;33;01:cd=40;33;01:or=40;31;01:mi=00:su=37;41:sg=30;43:ca=30;41:tw=30;42:ow=34;42:st=37;44:ex=01;32:*.tar=01;31:*.tgz=01;31:*.arc=01;31:*.arj=01;31:*.taz=01;31:*.lha=01;31:*.lz4=01;31:*.lzh=01;31:*.lzma=01;31:*.tlz=01;31:*.txz=01;31:*.tzo=01;31:*.t7z=01;31:*.zip=01;31:*.z=01;31:*.dz=01;31:*.gz=01;31:*.lrz=01;31:*.lz=01;31:*.lzo=01;31:*.xz=01;31:*.zst=01;31:*.tzst=01;31:*.bz2=01;31:*.bz=01;31:*.tbz=01;31:*.tbz2=01;31:*.tz=01;31:*.deb=01;31:*.rpm=01;31:*.jar=01;31:*.war=01;31:*.ear=01;31:*.sar=01;31:*.rar=01;31:*.alz=01;31:*.ace=01;31:*.zoo=01;31:*.cpio=01;31:*.7z=01;31:*.rz=01;31:*.cab=01;31:*.wim=01;31:*.swm=01;31:*.dwm=01;31:*.esd=01;31:*.jpg=01;35:*.jpeg=01;35:*.mjpg=01;35:*.mjpeg=01;35:*.gif=01;35:*.bmp=01;35:*.pbm=01;35:*.pgm=01;35:*.ppm=01;35:*.tga=01;35:*.xbm=01;35:*.xpm=01;35:*.tif=01;35:*.tiff=01;35:*.png=01;35:*.svg=01;35:*.svgz=01;35:*.mng=01;35:*.pcx=01;35:*.mov=01;35:*.mpg=01;35:*.mpeg=01;35:*.m2v=01;35:*.mkv=01;35:*.webm=01;35:*.ogm=01;35:*.mp4=01;35:*.m4v=01;35:*.mp4v=01;35:*.vob=01;35:*.qt=01;35:*.nuv=01;35:*.wmv=01;35:*.asf=01;35:*.rm=01;35:*.rmvb=01;35:*.flc=01;35:*.avi=01;35:*.fli=01;35:*.flv=01;35:*.gl=01;35:*.dl=01;35:*.xcf=01;35:*.xwd=01;35:*.yuv=01;35:*.cgm=01;35:*.emf=01;35:*.ogv=01;35:*.ogx=01;35:*.aac=00;36:*.au=00;36:*.flac=00;36:*.m4a=00;36:*.mid=00;36:*.midi=00;36:*.mka=00;36:*.mp3=00;36:*.mpc=00;36:*.ogg=00;36:*.ra=00;36:*.wav=00;36:*.oga=00;36:*.opus=00;36:*.spx=00;36:*.xspf=00;36:'), ('GNOME_TERMINAL_SERVICE', ':1.303'), ('SSH_AUTH_SOCK', '/run/user/1000/keyring/ssh'), ('AMENT_PREFIX_PATH', '/home/magnum/ros2_msg/install/my_robot_message:/home/magnum/ros2_msg/install/ros2_message:/opt/ros/foxy'), ('SHELL', '/bin/bash'), ('QT_ACCESSIBILITY', '1'), ('ROS_MASTER_URI', 'http://192.168.1.122:11311'), ('GDMSESSION', 'ubuntu'), ('LESSCLOSE', '/usr/bin/lesspipe %s %s'), ('GPG_AGENT_INFO', '/run/user/1000/gnupg/S.gpg-agent:0:1'), ('GJS_DEBUG_OUTPUT', 'stderr'), ('QT_IM_MODULE', 'ibus'), ('PWD', '/home/magnum/ros2_msg/build/my_robot_message'), ('TURTLEBOT3_MODEL', 'burger'), ('LC_ALL', 'en_US.UTF-8'), ('XDG_CONFIG_DIRS', '/etc/xdg/xdg-ubuntu:/etc/xdg'), ('XDG_DATA_DIRS', '/usr/share/ubuntu:/usr/local/share/:/usr/share/:/var/lib/snapd/desktop'), ('PYTHONPATH', '/home/magnum/ros2_msg/install/my_robot_message/lib/python3.8/site-packages:/opt/ros/foxy/lib/python/site-packages:/opt/ros/foxy/lib/python3.8/site-packages'), ('COLCON', '1'), ('VTE_VERSION', '6003'), ('CMAKE_PREFIX_PATH', '/home/magnum/ros2_msg/install/my_robot_message:/home/magnum/ros2_msg/install/ros2_message:/opt/ros/foxy')]), 'shell': False}
[0.032277] (my_robot_message) StdoutLine: {'line': b'-- Found ament_cmake: 0.9.11 (/opt/ros/foxy/share/ament_cmake/cmake)\n'}
[0.048065] (my_robot_message) StdoutLine: {'line': b'-- Found PythonInterp: /usr/bin/python3 (found suitable version "3.8.10", minimum required is "3") \n'}
[0.048255] (my_robot_message) StdoutLine: {'line': b'-- Using PYTHON_EXECUTABLE: /usr/bin/python3\n'}
[0.099567] (-) TimerEvent: {}
[0.193065] (my_robot_message) StdoutLine: {'line': b'-- Found rclcpp: 2.4.2 (/opt/ros/foxy/share/rclcpp/cmake)\n'}
[0.199674] (-) TimerEvent: {}
[0.219261] (my_robot_message) StdoutLine: {'line': b'-- Using all available rosidl_typesupport_c: rosidl_typesupport_fastrtps_c;rosidl_typesupport_introspection_c\n'}
[0.221713] (my_robot_message) StdoutLine: {'line': b'-- Found rosidl_adapter: 1.3.0 (/opt/ros/foxy/share/rosidl_adapter/cmake)\n'}
[0.299773] (-) TimerEvent: {}
[0.323410] (my_robot_message) StdoutLine: {'line': b'-- Using all available rosidl_typesupport_cpp: rosidl_typesupport_fastrtps_cpp;rosidl_typesupport_introspection_cpp\n'}
[0.356648] (my_robot_message) StdoutLine: {'line': b'-- Found rmw_implementation_cmake: 1.0.3 (/opt/ros/foxy/share/rmw_implementation_cmake/cmake)\n'}
[0.357568] (my_robot_message) StdoutLine: {'line': b"-- Using RMW implementation 'rmw_fastrtps_cpp' as default\n"}
[0.399923] (-) TimerEvent: {}
[0.452768] (my_robot_message) StdoutLine: {'line': b'-- Found geometry_msgs: 2.0.5 (/opt/ros/foxy/share/geometry_msgs/cmake)\n'}
[0.475141] (my_robot_message) StdoutLine: {'line': b'-- Found rosidl_default_generators: 1.0.1 (/opt/ros/foxy/share/rosidl_default_generators/cmake)\n'}
[0.496965] (my_robot_message) StdoutLine: {'line': b'-- Found PythonInterp: /usr/bin/python3 (found version "3.8.10") \n'}
[0.499998] (-) TimerEvent: {}
[0.596709] (my_robot_message) StderrLine: {'line': b'CMake Error at /opt/ros/foxy/share/rosidl_adapter/cmake/rosidl_adapt_interfaces.cmake:60 (message):\n'}
[0.596879] (my_robot_message) StderrLine: {'line': b'  execute_process(/usr/bin/python3 -m rosidl_adapter --package-name\n'}
[0.596929] (my_robot_message) StderrLine: {'line': b'  my_robot_message --arguments-file\n'}
[0.596971] (my_robot_message) StderrLine: {'line': b'  /home/magnum/ros2_msg/build/my_robot_message/rosidl_adapter__arguments__my_robot_message.json\n'}
[0.597013] (my_robot_message) StderrLine: {'line': b'  --output-dir\n'}
[0.597056] (my_robot_message) StderrLine: {'line': b'  /home/magnum/ros2_msg/build/my_robot_message/rosidl_adapter/my_robot_message\n'}
[0.597098] (my_robot_message) StderrLine: {'line': b'  --output-file\n'}
[0.597139] (my_robot_message) StderrLine: {'line': b'  /home/magnum/ros2_msg/build/my_robot_message/rosidl_adapter/my_robot_message.idls)\n'}
[0.597179] (my_robot_message) StderrLine: {'line': b'  returned error code 1:\n'}
[0.597220] (my_robot_message) StderrLine: {'line': b'\n'}
[0.597264] (my_robot_message) StderrLine: {'line': b"  Error processing 'float64 linear x' of 'my_robot_message/Coordinates':\n"}
[0.597305] (my_robot_message) StderrLine: {'line': b"  'value 'x' can not be converted to type 'float64': must be a floating point\n"}
[0.597346] (my_robot_message) StderrLine: {'line': b"  number using '.' as the separator'\n"}
[0.597387] (my_robot_message) StderrLine: {'line': b'\n'}
[0.597427] (my_robot_message) StderrLine: {'line': b'  Traceback (most recent call last):\n'}
[0.597468] (my_robot_message) StderrLine: {'line': b'\n'}
[0.597508] (my_robot_message) StderrLine: {'line': b'    File "/opt/ros/foxy/lib/python3.8/site-packages/rosidl_adapter/parser.py", line 722, in parse_primitive_value_string\n'}
[0.597549] (my_robot_message) StderrLine: {'line': b'      return float(value_string)\n'}
[0.597590] (my_robot_message) StderrLine: {'line': b'\n'}
[0.597629] (my_robot_message) StderrLine: {'line': b"  ValueError: could not convert string to float: 'x'\n"}
[0.597669] (my_robot_message) StderrLine: {'line': b'\n'}
[0.597709] (my_robot_message) StderrLine: {'line': b'  \n'}
[0.597748] (my_robot_message) StderrLine: {'line': b'\n'}
[0.597787] (my_robot_message) StderrLine: {'line': b'  During handling of the above exception, another exception occurred:\n'}
[0.597828] (my_robot_message) StderrLine: {'line': b'\n'}
[0.597867] (my_robot_message) StderrLine: {'line': b'  \n'}
[0.597907] (my_robot_message) StderrLine: {'line': b'\n'}
[0.597946] (my_robot_message) StderrLine: {'line': b'  Traceback (most recent call last):\n'}
[0.597994] (my_robot_message) StderrLine: {'line': b'\n'}
[0.598058] (my_robot_message) StderrLine: {'line': b'    File "/usr/lib/python3.8/runpy.py", line 194, in _run_module_as_main\n'}
[0.598113] (my_robot_message) StderrLine: {'line': b'      return _run_code(code, main_globals, None,\n'}
[0.598169] (my_robot_message) StderrLine: {'line': b'    File "/usr/lib/python3.8/runpy.py", line 87, in _run_code\n'}
[0.598256] (my_robot_message) StderrLine: {'line': b'      exec(code, run_globals)\n'}
[0.598303] (my_robot_message) StderrLine: {'line': b'    File "/opt/ros/foxy/lib/python3.8/site-packages/rosidl_adapter/__main__.py", line 19, in <module>\n'}
[0.598355] (my_robot_message) StderrLine: {'line': b'      sys.exit(main())\n'}
[0.598404] (my_robot_message) StderrLine: {'line': b'    File "/opt/ros/foxy/lib/python3.8/site-packages/rosidl_adapter/main.py", line 53, in main\n'}
[0.598452] (my_robot_message) StderrLine: {'line': b'      abs_idl_file = convert_to_idl(\n'}
[0.598501] (my_robot_message) StderrLine: {'line': b'    File "/opt/ros/foxy/lib/python3.8/site-packages/rosidl_adapter/__init__.py", line 19, in convert_to_idl\n'}
[0.598550] (my_robot_message) StderrLine: {'line': b'      return convert_msg_to_idl(\n'}
[0.598597] (my_robot_message) StderrLine: {'line': b'    File "/opt/ros/foxy/lib/python3.8/site-packages/rosidl_adapter/msg/__init__.py", line 28, in convert_msg_to_idl\n'}
[0.598646] (my_robot_message) StderrLine: {'line': b'      msg = parse_message_string(package_name, input_file.stem, content)\n'}
[0.598695] (my_robot_message) StderrLine: {'line': b'    File "/opt/ros/foxy/lib/python3.8/site-packages/rosidl_adapter/parser.py", line 515, in parse_message_string\n'}
[0.598744] (my_robot_message) StderrLine: {'line': b'      fields.append(Field(\n'}
[0.598790] (my_robot_message) StderrLine: {'line': b'    File "/opt/ros/foxy/lib/python3.8/site-packages/rosidl_adapter/parser.py", line 360, in __init__\n'}
[0.598839] (my_robot_message) StderrLine: {'line': b'      self.default_value = parse_value_string(\n'}
[0.598886] (my_robot_message) StderrLine: {'line': b'    File "/opt/ros/foxy/lib/python3.8/site-packages/rosidl_adapter/parser.py", line 587, in parse_value_string\n'}
[0.598936] (my_robot_message) StderrLine: {'line': b'      return parse_primitive_value_string(type_, value_string)\n'}
[0.598986] (my_robot_message) StderrLine: {'line': b'    File "/opt/ros/foxy/lib/python3.8/site-packages/rosidl_adapter/parser.py", line 724, in parse_primitive_value_string\n'}
[0.599041] (my_robot_message) StderrLine: {'line': b'      raise InvalidValue(\n'}
[0.599090] (my_robot_message) StderrLine: {'line': b'\n'}
[0.599139] (my_robot_message) StderrLine: {'line': b"  rosidl_adapter.parser.InvalidValue: value 'x' can not be converted to type\n"}
[0.599190] (my_robot_message) StderrLine: {'line': b"  'float64': must be a floating point number using '.' as the separator\n"}
[0.599239] (my_robot_message) StderrLine: {'line': b'\n'}
[0.599287] (my_robot_message) StderrLine: {'line': b'Call Stack (most recent call first):\n'}
[0.599336] (my_robot_message) StderrLine: {'line': b'  /opt/ros/foxy/share/rosidl_cmake/cmake/rosidl_generate_interfaces.cmake:130 (rosidl_adapt_interfaces)\n'}
[0.599386] (my_robot_message) StderrLine: {'line': b'  CMakeLists.txt:25 (rosidl_generate_interfaces)\n'}
[0.599435] (my_robot_message) StderrLine: {'line': b'\n'}
[0.599484] (my_robot_message) StderrLine: {'line': b'\n'}
[0.599532] (my_robot_message) StdoutLine: {'line': b'-- Configuring incomplete, errors occurred!\n'}
[0.599585] (my_robot_message) StdoutLine: {'line': b'See also "/home/magnum/ros2_msg/build/my_robot_message/CMakeFiles/CMakeOutput.log".\n'}
[0.599636] (my_robot_message) StdoutLine: {'line': b'See also "/home/magnum/ros2_msg/build/my_robot_message/CMakeFiles/CMakeError.log".\n'}
[0.600055] (-) TimerEvent: {}
[0.603277] (my_robot_message) StderrLine: {'line': b'make: *** [Makefile:748: cmake_check_build_system] Error 1\n'}
[0.605709] (my_robot_message) CommandEnded: {'returncode': 2}
[0.653422] (my_robot_message) JobEnded: {'identifier': 'my_robot_message', 'rc': 2}
[0.663903] (-) EventReactorShutdown: {}
