[0.010s] Invoking command in '/home/magnum/ros2_msg/build/my_robot_message': /usr/bin/cmake --build /home/magnum/ros2_msg/build/my_robot_message -- -j8 -l8
[0.028s] -- Found ament_cmake: 0.9.11 (/opt/ros/foxy/share/ament_cmake/cmake)
[0.043s] -- Using PYTHON_EXECUTABLE: /usr/bin/python3
[0.122s] Traceback (most recent call last):
[0.122s]   File "/opt/ros/foxy/share/ament_cmake_core/cmake/package_templates/templates_2_cmake.py", line 21, in <module>
[0.122s]     from ament_package.templates import get_environment_hook_template_path
[0.122s] ModuleNotFoundError: No module named 'ament_package'
[0.134s] CMake Error at /opt/ros/foxy/share/ament_cmake_core/cmake/ament_cmake_package_templates-extras.cmake:41 (message):
[0.134s]   execute_process(/usr/bin/python3
[0.134s]   /opt/ros/foxy/share/ament_cmake_core/cmake/package_templates/templates_2_cmake.py
[0.134s]   /home/magnum/ros2_msg/build/my_robot_message/ament_cmake_package_templates/templates.cmake)
[0.134s]   returned error code 1
[0.134s] Call Stack (most recent call first):
[0.134s]   /opt/ros/foxy/share/ament_cmake_core/cmake/ament_cmake_coreConfig.cmake:41 (include)
[0.134s]   /opt/ros/foxy/share/ament_cmake/cmake/ament_cmake_export_dependencies-extras.cmake:15 (find_package)
[0.134s]   /opt/ros/foxy/share/ament_cmake/cmake/ament_cmakeConfig.cmake:41 (include)
[0.134s]   CMakeLists.txt:19 (find_package)
[0.135s] 
[0.135s] 
[0.135s] -- Configuring incomplete, errors occurred!
[0.135s] See also "/home/magnum/ros2_msg/build/my_robot_message/CMakeFiles/CMakeOutput.log".
[0.135s] See also "/home/magnum/ros2_msg/build/my_robot_message/CMakeFiles/CMakeError.log".
[0.136s] make: *** [Makefile:748: cmake_check_build_system] Error 1
[0.137s] Invoked command in '/home/magnum/ros2_msg/build/my_robot_message' returned '2': /usr/bin/cmake --build /home/magnum/ros2_msg/build/my_robot_message -- -j8 -l8
