[0.015s] Invoking command in '/home/magnum/ros2_msg/build/ros2_message': /usr/bin/cmake /home/magnum/ros2_msg/src/ros2_message -DCMAKE_INSTALL_PREFIX=/home/magnum/ros2_msg/install/ros2_message
[0.029s] -- Found ament_cmake: 0.9.11 (/opt/ros/foxy/share/ament_cmake/cmake)
[0.048s] -- Using PYTHON_EXECUTABLE: /usr/bin/python3
[0.196s] -- Override CMake install command with custom implementation using symlinks instead of copying resources
[0.202s] -- Found rclcpp: 2.4.2 (/opt/ros/foxy/share/rclcpp/cmake)
[0.228s] -- Using all available rosidl_typesupport_c: rosidl_typesupport_fastrtps_c;rosidl_typesupport_introspection_c
[0.230s] -- Found rosidl_adapter: 1.3.0 (/opt/ros/foxy/share/rosidl_adapter/cmake)
[0.332s] -- Using all available rosidl_typesupport_cpp: rosidl_typesupport_fastrtps_cpp;rosidl_typesupport_introspection_cpp
[0.371s] -- Found rmw_implementation_cmake: 1.0.3 (/opt/ros/foxy/share/rmw_implementation_cmake/cmake)
[0.372s] -- Using RMW implementation 'rmw_fastrtps_cpp' as default
[0.482s] -- Found rosidl_default_generators: 1.0.1 (/opt/ros/foxy/share/rosidl_default_generators/cmake)
[0.489s] -- Found ament_lint_auto: 0.9.7 (/opt/ros/foxy/share/ament_lint_auto/cmake)
[0.512s] -- Found PythonInterp: /usr/bin/python3 (found version "3.8.10") 
[0.598s] Error parsing '/home/magnum/ros2_msg/src/ros2_message/package.xml':
[0.666s] Traceback (most recent call last):
[0.666s]   File "/usr/lib/python3/dist-packages/catkin_pkg/package.py", line 610, in parse_package_string
[0.666s]     root = dom.parseString(data)
[0.666s]   File "/usr/lib/python3.8/xml/dom/minidom.py", line 1969, in parseString
[0.666s]     return expatbuilder.parseString(string)
[0.666s]   File "/usr/lib/python3.8/xml/dom/expatbuilder.py", line 925, in parseString
[0.666s]     return builder.parseString(string)
[0.666s]   File "/usr/lib/python3.8/xml/dom/expatbuilder.py", line 223, in parseString
[0.667s]     parser.Parse(string, True)
[0.667s] xml.parsers.expat.ExpatError: mismatched tag: line 29, column 2
[0.667s] 
[0.667s] During handling of the above exception, another exception occurred:
[0.667s] 
[0.667s] Traceback (most recent call last):
[0.667s]   File "/opt/ros/foxy/share/ament_cmake_core/cmake/core/package_xml_2_cmake.py", line 143, in <module>
[0.667s]     main()
[0.667s]   File "/opt/ros/foxy/share/ament_cmake_core/cmake/core/package_xml_2_cmake.py", line 52, in main
[0.667s]     raise e
[0.667s]   File "/opt/ros/foxy/share/ament_cmake_core/cmake/core/package_xml_2_cmake.py", line 48, in main
[0.667s]     package = parse_package_string(
[0.667s]   File "/usr/lib/python3/dist-packages/catkin_pkg/package.py", line 612, in parse_package_string
[0.667s]     raise InvalidPackage('The manifest contains invalid XML:\n%s' % ex, filename)
[0.667s] catkin_pkg.package.InvalidPackage: Error(s) in package '/home/magnum/ros2_msg/src/ros2_message/package.xml':
[0.667s] The manifest contains invalid XML:
[0.667s] mismatched tag: line 29, column 2
[0.680s] CMake Error at /opt/ros/foxy/share/ament_cmake_core/cmake/core/ament_package_xml.cmake:94 (message):
[0.680s]   execute_process(/usr/bin/python3
[0.680s]   /opt/ros/foxy/share/ament_cmake_core/cmake/core/package_xml_2_cmake.py
[0.680s]   /home/magnum/ros2_msg/src/ros2_message/package.xml
[0.680s]   /home/magnum/ros2_msg/build/ros2_message/ament_cmake_core/package.cmake)
[0.681s]   returned error code 1
[0.681s] Call Stack (most recent call first):
[0.681s]   /opt/ros/foxy/share/ament_cmake_core/cmake/core/ament_package_xml.cmake:49 (_ament_package_xml)
[0.681s]   /opt/ros/foxy/share/rosidl_cmake/cmake/rosidl_generate_interfaces.cmake:226 (ament_package_xml)
[0.681s]   CMakeLists.txt:38 (rosidl_generate_interfaces)
[0.681s] 
[0.681s] 
[0.682s] -- Configuring incomplete, errors occurred!
[0.682s] See also "/home/magnum/ros2_msg/build/ros2_message/CMakeFiles/CMakeOutput.log".
[0.682s] See also "/home/magnum/ros2_msg/build/ros2_message/CMakeFiles/CMakeError.log".
[0.689s] Invoked command in '/home/magnum/ros2_msg/build/ros2_message' returned '1': /usr/bin/cmake /home/magnum/ros2_msg/src/ros2_message -DCMAKE_INSTALL_PREFIX=/home/magnum/ros2_msg/install/ros2_message
