-- Found ament_cmake: 0.9.11 (/opt/ros/foxy/share/ament_cmake/cmake)
-- Found PythonInterp: /usr/bin/python3 (found suitable version "3.8.10", minimum required is "3") 
-- Using PYTHON_EXECUTABLE: /usr/bin/python3
-- Found rclcpp: 2.4.2 (/opt/ros/foxy/share/rclcpp/cmake)
-- Using all available rosidl_typesupport_c: rosidl_typesupport_fastrtps_c;rosidl_typesupport_introspection_c
-- Found rosidl_adapter: 1.3.0 (/opt/ros/foxy/share/rosidl_adapter/cmake)
-- Using all available rosidl_typesupport_cpp: rosidl_typesupport_fastrtps_cpp;rosidl_typesupport_introspection_cpp
-- Found rmw_implementation_cmake: 1.0.3 (/opt/ros/foxy/share/rmw_implementation_cmake/cmake)
-- Using RMW implementation 'rmw_fastrtps_cpp' as default
-- Found geometry_msgs: 2.0.5 (/opt/ros/foxy/share/geometry_msgs/cmake)
-- Found rosidl_default_generators: 1.0.1 (/opt/ros/foxy/share/rosidl_default_generators/cmake)
-- Found PythonInterp: /usr/bin/python3 (found version "3.8.10") 
CMake Error at /opt/ros/foxy/share/rosidl_adapter/cmake/rosidl_adapt_interfaces.cmake:60 (message):
  execute_process(/usr/bin/python3 -m rosidl_adapter --package-name
  my_robot_message --arguments-file
  /home/magnum/ros2_msg/build/my_robot_message/rosidl_adapter__arguments__my_robot_message.json
  --output-dir
  /home/magnum/ros2_msg/build/my_robot_message/rosidl_adapter/my_robot_message
  --output-file
  /home/magnum/ros2_msg/build/my_robot_message/rosidl_adapter/my_robot_message.idls)
  returned error code 1:

  Error processing 'float64 linear x' of 'my_robot_message/Coordinates':
  'value 'x' can not be converted to type 'float64': must be a floating point
  number using '.' as the separator'

  Traceback (most recent call last):

    File "/opt/ros/foxy/lib/python3.8/site-packages/rosidl_adapter/parser.py", line 722, in parse_primitive_value_string
      return float(value_string)

  ValueError: could not convert string to float: 'x'

  

  During handling of the above exception, another exception occurred:

  

  Traceback (most recent call last):

    File "/usr/lib/python3.8/runpy.py", line 194, in _run_module_as_main
      return _run_code(code, main_globals, None,
    File "/usr/lib/python3.8/runpy.py", line 87, in _run_code
      exec(code, run_globals)
    File "/opt/ros/foxy/lib/python3.8/site-packages/rosidl_adapter/__main__.py", line 19, in <module>
      sys.exit(main())
    File "/opt/ros/foxy/lib/python3.8/site-packages/rosidl_adapter/main.py", line 53, in main
      abs_idl_file = convert_to_idl(
    File "/opt/ros/foxy/lib/python3.8/site-packages/rosidl_adapter/__init__.py", line 19, in convert_to_idl
      return convert_msg_to_idl(
    File "/opt/ros/foxy/lib/python3.8/site-packages/rosidl_adapter/msg/__init__.py", line 28, in convert_msg_to_idl
      msg = parse_message_string(package_name, input_file.stem, content)
    File "/opt/ros/foxy/lib/python3.8/site-packages/rosidl_adapter/parser.py", line 515, in parse_message_string
      fields.append(Field(
    File "/opt/ros/foxy/lib/python3.8/site-packages/rosidl_adapter/parser.py", line 360, in __init__
      self.default_value = parse_value_string(
    File "/opt/ros/foxy/lib/python3.8/site-packages/rosidl_adapter/parser.py", line 587, in parse_value_string
      return parse_primitive_value_string(type_, value_string)
    File "/opt/ros/foxy/lib/python3.8/site-packages/rosidl_adapter/parser.py", line 724, in parse_primitive_value_string
      raise InvalidValue(

  rosidl_adapter.parser.InvalidValue: value 'x' can not be converted to type
  'float64': must be a floating point number using '.' as the separator

Call Stack (most recent call first):
  /opt/ros/foxy/share/rosidl_cmake/cmake/rosidl_generate_interfaces.cmake:130 (rosidl_adapt_interfaces)
  CMakeLists.txt:25 (rosidl_generate_interfaces)


-- Configuring incomplete, errors occurred!
See also "/home/magnum/ros2_msg/build/my_robot_message/CMakeFiles/CMakeOutput.log".
See also "/home/magnum/ros2_msg/build/my_robot_message/CMakeFiles/CMakeError.log".
make: *** [Makefile:748: cmake_check_build_system] Error 1
